<?xml version="1.0" encoding="UTF-8"?>
<!-- Generated by org.testng.reporters.JUnitReportReporter -->
<testsuite skipped="0" hostname="cit-dil-pre0105" name="testcases.VerifyValidLogin" tests="1" failures="0" timestamp="17 Nov 2016 16:27:44 GMT" time="5.565" errors="0">
  <testcase name="checkValidUser" time="5.565" classname="testcases.VerifyValidLogin"/>
</testsuite> <!-- testcases.VerifyValidLogin -->
